<?xml version="1.0" encoding="UTF-8"?>
<testsuite name="JUnit Jupiter" tests="78" skipped="0" failures="1" errors="5" time="1.199" hostname="Olja2018" timestamp="2020-12-06T12:20:48">
<properties>
<property name="awt.toolkit" value="sun.awt.X11.XToolkit"/>
<property name="file.encoding" value="UTF-8"/>
<property name="file.separator" value="/"/>
<property name="java.awt.graphicsenv" value="sun.awt.X11GraphicsEnvironment"/>
<property name="java.awt.printerjob" value="sun.print.PSPrinterJob"/>
<property name="java.class.path" value="/home/schkabi/Documents/Java/lib/antlr-4.7.2-complete.jar:/home/schkabi/Documents/Java/lib/apiguardian-api-1.1.0.jar:/home/schkabi/Documents/Java/lib/junit-jupiter-api-5.7.0.jar:/home/schkabi/Documents/Java/lib/junit-platform-commons-1.7.0.jar:/home/schkabi/Documents/Java/lib/opentest4j-1.2.0.jar:/home/schkabi/Documents/Java/velka.lang.compiler/classes:/home/schkabi/Documents/Java/lib/junit-platform-console-standalone-1.7.0.jar:/home/schkabi/Documents/Java/lib/velka.lang.util.jar:/home/schkabi/Documents/Java/lib/velka.lang.types.jar"/>
<property name="java.class.version" value="55.0"/>
<property name="java.home" value="/usr/lib/jvm/java-11-openjdk-amd64"/>
<property name="java.io.tmpdir" value="/tmp"/>
<property name="java.library.path" value="/usr/java/packages/lib:/usr/lib/x86_64-linux-gnu/jni:/lib/x86_64-linux-gnu:/usr/lib/x86_64-linux-gnu:/usr/lib/jni:/lib:/usr/lib"/>
<property name="java.runtime.name" value="OpenJDK Runtime Environment"/>
<property name="java.runtime.version" value="11.0.9.1+1-Ubuntu-0ubuntu1.18.04"/>
<property name="java.specification.name" value="Java Platform API Specification"/>
<property name="java.specification.vendor" value="Oracle Corporation"/>
<property name="java.specification.version" value="11"/>
<property name="java.vendor" value="Ubuntu"/>
<property name="java.vendor.url" value="https://ubuntu.com/"/>
<property name="java.vendor.url.bug" value="https://bugs.launchpad.net/ubuntu/+source/openjdk-lts"/>
<property name="java.version" value="11.0.9.1"/>
<property name="java.version.date" value="2020-11-04"/>
<property name="java.vm.compressedOopsMode" value="32-bit"/>
<property name="java.vm.info" value="mixed mode, sharing"/>
<property name="java.vm.name" value="OpenJDK 64-Bit Server VM"/>
<property name="java.vm.specification.name" value="Java Virtual Machine Specification"/>
<property name="java.vm.specification.vendor" value="Oracle Corporation"/>
<property name="java.vm.specification.version" value="11"/>
<property name="java.vm.vendor" value="Ubuntu"/>
<property name="java.vm.version" value="11.0.9.1+1-Ubuntu-0ubuntu1.18.04"/>
<property name="jdk.debug" value="release"/>
<property name="line.separator" value="
"/>
<property name="os.arch" value="amd64"/>
<property name="os.name" value="Linux"/>
<property name="os.version" value="4.15.0-126-generic"/>
<property name="path.separator" value=":"/>
<property name="sun.arch.data.model" value="64"/>
<property name="sun.boot.library.path" value="/usr/lib/jvm/java-11-openjdk-amd64/lib"/>
<property name="sun.cpu.endian" value="little"/>
<property name="sun.cpu.isalist" value=""/>
<property name="sun.io.unicode.encoding" value="UnicodeLittle"/>
<property name="sun.java.command" value="org.junit.platform.console.ConsoleLauncher --scan-classpath --reports-dir build/test-report"/>
<property name="sun.java.launcher" value="SUN_STANDARD"/>
<property name="sun.jnu.encoding" value="UTF-8"/>
<property name="sun.management.compiler" value="HotSpot 64-Bit Tiered Compilers"/>
<property name="sun.os.patch.level" value="unknown"/>
<property name="user.country" value="US"/>
<property name="user.dir" value="/home/schkabi/Documents/Java/velka.lang.compiler"/>
<property name="user.home" value="/home/schkabi"/>
<property name="user.language" value="en"/>
<property name="user.name" value="schkabi"/>
<property name="user.timezone" value="Europe/Prague"/>
</properties>
<testcase name="testExceptions()" classname="velka.lang.test.TestTypes" time="0.022">
<system-out><![CDATA[
unique-id: [engine:junit-jupiter]/[class:velka.lang.test.TestTypes]/[method:testExceptions()]
display-name: testExceptions()
]]></system-out>
</testcase>
<testcase name="testTypeRepresentation()" classname="velka.lang.test.TestTypes" time="0">
<system-out><![CDATA[
unique-id: [engine:junit-jupiter]/[class:velka.lang.test.TestTypes]/[method:testTypeRepresentation()]
display-name: testTypeRepresentation()
]]></system-out>
</testcase>
<testcase name="testRepresentationOr()" classname="velka.lang.test.TestTypes" time="0.01">
<system-out><![CDATA[
unique-id: [engine:junit-jupiter]/[class:velka.lang.test.TestTypes]/[method:testRepresentationOr()]
display-name: testRepresentationOr()
]]></system-out>
</testcase>
<testcase name="testType()" classname="velka.lang.test.TestTypes" time="0.009">
<system-out><![CDATA[
unique-id: [engine:junit-jupiter]/[class:velka.lang.test.TestTypes]/[method:testType()]
display-name: testType()
]]></system-out>
</testcase>
<testcase name="testTypeAtom()" classname="velka.lang.test.TestTypes" time="0.002">
<system-out><![CDATA[
unique-id: [engine:junit-jupiter]/[class:velka.lang.test.TestTypes]/[method:testTypeAtom()]
display-name: testTypeAtom()
]]></system-out>
</testcase>
<testcase name="testTypeName()" classname="velka.lang.test.TestTypes" time="0">
<system-out><![CDATA[
unique-id: [engine:junit-jupiter]/[class:velka.lang.test.TestTypes]/[method:testTypeName()]
display-name: testTypeName()
]]></system-out>
</testcase>
<testcase name="testTypeVariable()" classname="velka.lang.test.TestTypes" time="0">
<system-out><![CDATA[
unique-id: [engine:junit-jupiter]/[class:velka.lang.test.TestTypes]/[method:testTypeVariable()]
display-name: testTypeVariable()
]]></system-out>
</testcase>
<testcase name="testTypeArrow()" classname="velka.lang.test.TestTypes" time="0.001">
<system-out><![CDATA[
unique-id: [engine:junit-jupiter]/[class:velka.lang.test.TestTypes]/[method:testTypeArrow()]
display-name: testTypeArrow()
]]></system-out>
</testcase>
<testcase name="testTypeTuple()" classname="velka.lang.test.TestTypes" time="0.001">
<system-out><![CDATA[
unique-id: [engine:junit-jupiter]/[class:velka.lang.test.TestTypes]/[method:testTypeTuple()]
display-name: testTypeTuple()
]]></system-out>
</testcase>
<testcase name="testSubstitution()" classname="velka.lang.test.TestTypes" time="0">
<system-out><![CDATA[
unique-id: [engine:junit-jupiter]/[class:velka.lang.test.TestTypes]/[method:testSubstitution()]
display-name: testSubstitution()
]]></system-out>
</testcase>
<testcase name="testVariableTypePair()" classname="velka.lang.test.TestParser" time="0.001">
<system-out><![CDATA[
unique-id: [engine:junit-jupiter]/[class:velka.lang.test.TestParser]/[method:testVariableTypePair()]
display-name: testVariableTypePair()
]]></system-out>
</testcase>
<testcase name="testElambda()" classname="velka.lang.test.TestParser" time="0.083">
<system-out><![CDATA[
unique-id: [engine:junit-jupiter]/[class:velka.lang.test.TestParser]/[method:testElambda()]
display-name: testElambda()
]]></system-out>
</testcase>
<testcase name="testExceptions()" classname="velka.lang.test.TestParser" time="0.046">
<system-out><![CDATA[
unique-id: [engine:junit-jupiter]/[class:velka.lang.test.TestParser]/[method:testExceptions()]
display-name: testExceptions()
]]></system-out>
</testcase>
<testcase name="testValidateLambda()" classname="velka.lang.test.TestParser" time="0.034">
<system-out><![CDATA[
unique-id: [engine:junit-jupiter]/[class:velka.lang.test.TestParser]/[method:testValidateLambda()]
display-name: testValidateLambda()
]]></system-out>
</testcase>
<testcase name="testParseVariableTypePair()" classname="velka.lang.test.TestParser" time="0.009">
<system-out><![CDATA[
unique-id: [engine:junit-jupiter]/[class:velka.lang.test.TestParser]/[method:testParseVariableTypePair()]
display-name: testParseVariableTypePair()
]]></system-out>
</testcase>
<testcase name="testParseDefRep()" classname="velka.lang.test.TestParser" time="0.003">
<system-out><![CDATA[
unique-id: [engine:junit-jupiter]/[class:velka.lang.test.TestParser]/[method:testParseDefRep()]
display-name: testParseDefRep()
]]></system-out>
</testcase>
<testcase name="testParseDefine()" classname="velka.lang.test.TestParser" time="0.007">
<system-out><![CDATA[
unique-id: [engine:junit-jupiter]/[class:velka.lang.test.TestParser]/[method:testParseDefine()]
display-name: testParseDefine()
]]></system-out>
</testcase>
<testcase name="testParseError()" classname="velka.lang.test.TestParser" time="0.005">
<system-out><![CDATA[
unique-id: [engine:junit-jupiter]/[class:velka.lang.test.TestParser]/[method:testParseError()]
display-name: testParseError()
]]></system-out>
</testcase>
<testcase name="testValidateElambda()" classname="velka.lang.test.TestParser" time="0.008">
<system-out><![CDATA[
unique-id: [engine:junit-jupiter]/[class:velka.lang.test.TestParser]/[method:testValidateElambda()]
display-name: testValidateElambda()
]]></system-out>
</testcase>
<testcase name="testParseCons()" classname="velka.lang.test.TestParser" time="0.007">
<system-out><![CDATA[
unique-id: [engine:junit-jupiter]/[class:velka.lang.test.TestParser]/[method:testParseCons()]
display-name: testParseCons()
]]></system-out>
</testcase>
<testcase name="testParseNode()" classname="velka.lang.test.TestParser" time="0.006">
<system-out><![CDATA[
unique-id: [engine:junit-jupiter]/[class:velka.lang.test.TestParser]/[method:testParseNode()]
display-name: testParseNode()
]]></system-out>
</testcase>
<testcase name="testParseType()" classname="velka.lang.test.TestParser" time="0.001">
<system-out><![CDATA[
unique-id: [engine:junit-jupiter]/[class:velka.lang.test.TestParser]/[method:testParseType()]
display-name: testParseType()
]]></system-out>
</testcase>
<testcase name="testParseDefConversion()" classname="velka.lang.test.TestParser" time="0.006">
<system-out><![CDATA[
unique-id: [engine:junit-jupiter]/[class:velka.lang.test.TestParser]/[method:testParseDefConversion()]
display-name: testParseDefConversion()
]]></system-out>
</testcase>
<testcase name="testSemanticSimple()" classname="velka.lang.test.TestParser" time="0.029">
<system-out><![CDATA[
unique-id: [engine:junit-jupiter]/[class:velka.lang.test.TestParser]/[method:testSemanticSimple()]
display-name: testSemanticSimple()
]]></system-out>
</testcase>
<testcase name="testValidateIf()" classname="velka.lang.test.TestParser" time="0.001">
<system-out><![CDATA[
unique-id: [engine:junit-jupiter]/[class:velka.lang.test.TestParser]/[method:testValidateIf()]
display-name: testValidateIf()
]]></system-out>
</testcase>
<testcase name="testParseImplementation()" classname="velka.lang.test.TestParser" time="0.002">
<system-out><![CDATA[
unique-id: [engine:junit-jupiter]/[class:velka.lang.test.TestParser]/[method:testParseImplementation()]
display-name: testParseImplementation()
]]></system-out>
</testcase>
<testcase name="testLetType()" classname="velka.lang.test.TestParser" time="0.001">
<system-out><![CDATA[
unique-id: [engine:junit-jupiter]/[class:velka.lang.test.TestParser]/[method:testLetType()]
display-name: testLetType()
]]></system-out>
</testcase>
<testcase name="testSemanticParserStatic()" classname="velka.lang.test.TestParser" time="0.002">
<system-out><![CDATA[
unique-id: [engine:junit-jupiter]/[class:velka.lang.test.TestParser]/[method:testSemanticParserStatic()]
display-name: testSemanticParserStatic()
]]></system-out>
</testcase>
<testcase name="testSemanticNode()" classname="velka.lang.test.TestParser" time="0.008">
<system-out><![CDATA[
unique-id: [engine:junit-jupiter]/[class:velka.lang.test.TestParser]/[method:testSemanticNode()]
display-name: testSemanticNode()
]]></system-out>
</testcase>
<testcase name="testParseDefType()" classname="velka.lang.test.TestParser" time="0.003">
<system-out><![CDATA[
unique-id: [engine:junit-jupiter]/[class:velka.lang.test.TestParser]/[method:testParseDefType()]
display-name: testParseDefType()
]]></system-out>
</testcase>
<testcase name="testTypeEnvironment()" classname="velka.lang.test.TestParser" time="0.01">
<system-out><![CDATA[
unique-id: [engine:junit-jupiter]/[class:velka.lang.test.TestParser]/[method:testTypeEnvironment()]
display-name: testTypeEnvironment()
]]></system-out>
</testcase>
<testcase name="testLambda()" classname="velka.lang.test.TestParser" time="0">
<system-out><![CDATA[
unique-id: [engine:junit-jupiter]/[class:velka.lang.test.TestParser]/[method:testLambda()]
display-name: testLambda()
]]></system-out>
</testcase>
<testcase name="testParseSpecialForm()" classname="velka.lang.test.TestParser" time="0.001">
<system-out><![CDATA[
unique-id: [engine:junit-jupiter]/[class:velka.lang.test.TestParser]/[method:testParseSpecialForm()]
display-name: testParseSpecialForm()
]]></system-out>
</testcase>
<testcase name="testExceptions()" classname="velka.lang.test.TestUtil" time="0.041">
<system-out><![CDATA[
unique-id: [engine:junit-jupiter]/[class:velka.lang.test.TestUtil]/[method:testExceptions()]
display-name: Exceptions
]]></system-out>
</testcase>
<testcase name="testThrowingConsumer()" classname="velka.lang.test.TestUtil" time="0.006">
<system-out><![CDATA[
unique-id: [engine:junit-jupiter]/[class:velka.lang.test.TestUtil]/[method:testThrowingConsumer()]
display-name: ThrowingConsumer
]]></system-out>
</testcase>
<testcase name="testClojureCodeGeneratorBasic()" classname="velka.lang.test.TestUtil" time="0.068">
<system-out><![CDATA[
unique-id: [engine:junit-jupiter]/[class:velka.lang.test.TestUtil]/[method:testClojureCodeGeneratorBasic()]
display-name: ClojureCodeGenerator
]]></system-out>
</testcase>
<testcase name="testPair()" classname="velka.lang.test.TestUtil" time="0.012">
<system-out><![CDATA[
unique-id: [engine:junit-jupiter]/[class:velka.lang.test.TestUtil]/[method:testPair()]
display-name: Pair
]]></system-out>
</testcase>
<testcase name="testRomanNumbers()" classname="velka.lang.test.TestUtil" time="0.004">
<system-out><![CDATA[
unique-id: [engine:junit-jupiter]/[class:velka.lang.test.TestUtil]/[method:testRomanNumbers()]
display-name: RomanNumbers
]]></system-out>
</testcase>
<testcase name="testAppendableException()" classname="velka.lang.test.TestUtil" time="0">
<system-out><![CDATA[
unique-id: [engine:junit-jupiter]/[class:velka.lang.test.TestUtil]/[method:testAppendableException()]
display-name: AppendableException
]]></system-out>
</testcase>
<testcase name="testThrowingFunction()" classname="velka.lang.test.TestUtil" time="0.007">
<system-out><![CDATA[
unique-id: [engine:junit-jupiter]/[class:velka.lang.test.TestUtil]/[method:testThrowingFunction()]
display-name: ThrowingFunction
]]></system-out>
</testcase>
<testcase name="testNameGenerator()" classname="velka.lang.test.TestUtil" time="0.335">
<system-out><![CDATA[
unique-id: [engine:junit-jupiter]/[class:velka.lang.test.TestUtil]/[method:testNameGenerator()]
display-name: NameGenerator
]]></system-out>
</testcase>
<testcase name="testSandbox()" classname="velka.lang.test.TestUtil" time="0.001">
<system-out><![CDATA[
unique-id: [engine:junit-jupiter]/[class:velka.lang.test.TestUtil]/[method:testSandbox()]
display-name: Sandbox (various experiments)
]]></system-out>
</testcase>
<testcase name="testThrowingBinaryOperator()" classname="velka.lang.test.TestUtil" time="0.001">
<system-out><![CDATA[
unique-id: [engine:junit-jupiter]/[class:velka.lang.test.TestUtil]/[method:testThrowingBinaryOperator()]
display-name: ThrowingBinaryOperator
]]></system-out>
</testcase>
<testcase name="testClojure()" classname="velka.lang.test.TestComplex" time="0.082">
<system-out><![CDATA[
unique-id: [engine:junit-jupiter]/[class:velka.lang.test.TestComplex]/[method:testClojure()]
display-name: testClojure()
]]></system-out>
</testcase>
<testcase name="testComplex()" classname="velka.lang.test.TestComplex" time="0.004">
<error message="velka.lang.exceptions.DuplicateTypeDefinitionException: Type Name:* was already defined!" type="java.lang.RuntimeException"><![CDATA[java.lang.RuntimeException: velka.lang.exceptions.DuplicateTypeDefinitionException: Type Name:* was already defined!
	at velka.lang.util.ThrowingFunction.lambda$wrapper$0(Unknown Source)
	at java.base/java.util.stream.ReferencePipeline$3$1.accept(ReferencePipeline.java:195)
	at java.base/java.util.ArrayList$ArrayListSpliterator.forEachRemaining(ArrayList.java:1655)
	at java.base/java.util.stream.AbstractPipeline.copyInto(AbstractPipeline.java:484)
	at java.base/java.util.stream.AbstractPipeline.wrapAndCopyInto(AbstractPipeline.java:474)
	at java.base/java.util.stream.ReduceOps$ReduceOp.evaluateSequential(ReduceOps.java:913)
	at java.base/java.util.stream.AbstractPipeline.evaluate(AbstractPipeline.java:234)
	at java.base/java.util.stream.ReferencePipeline.collect(ReferencePipeline.java:578)
	at velka.lang.test.TestComplex.parseString(TestComplex.java:682)
	at velka.lang.test.TestComplex.testInterpretString(TestComplex.java:689)
	at velka.lang.test.TestComplex.testComplex(TestComplex.java:78)
	at java.base/jdk.internal.reflect.NativeMethodAccessorImpl.invoke0(Native Method)
	at java.base/jdk.internal.reflect.NativeMethodAccessorImpl.invoke(NativeMethodAccessorImpl.java:62)
	at java.base/jdk.internal.reflect.DelegatingMethodAccessorImpl.invoke(DelegatingMethodAccessorImpl.java:43)
	at java.base/java.lang.reflect.Method.invoke(Method.java:566)
	at org.junit.platform.commons.util.ReflectionUtils.invokeMethod(ReflectionUtils.java:688)
	at org.junit.jupiter.engine.execution.MethodInvocation.proceed(MethodInvocation.java:60)
	at org.junit.jupiter.engine.execution.InvocationInterceptorChain$ValidatingInvocation.proceed(InvocationInterceptorChain.java:131)
	at org.junit.jupiter.engine.extension.TimeoutExtension.intercept(TimeoutExtension.java:149)
	at org.junit.jupiter.engine.extension.TimeoutExtension.interceptTestableMethod(TimeoutExtension.java:140)
	at org.junit.jupiter.engine.extension.TimeoutExtension.interceptTestMethod(TimeoutExtension.java:84)
	at org.junit.jupiter.engine.execution.ExecutableInvoker$ReflectiveInterceptorCall.lambda$ofVoidMethod$0(ExecutableInvoker.java:115)
	at org.junit.jupiter.engine.execution.ExecutableInvoker.lambda$invoke$0(ExecutableInvoker.java:105)
	at org.junit.jupiter.engine.execution.InvocationInterceptorChain$InterceptedInvocation.proceed(InvocationInterceptorChain.java:106)
	at org.junit.jupiter.engine.execution.InvocationInterceptorChain.proceed(InvocationInterceptorChain.java:64)
	at org.junit.jupiter.engine.execution.InvocationInterceptorChain.chainAndInvoke(InvocationInterceptorChain.java:45)
	at org.junit.jupiter.engine.execution.InvocationInterceptorChain.invoke(InvocationInterceptorChain.java:37)
	at org.junit.jupiter.engine.execution.ExecutableInvoker.invoke(ExecutableInvoker.java:104)
	at org.junit.jupiter.engine.execution.ExecutableInvoker.invoke(ExecutableInvoker.java:98)
	at org.junit.jupiter.engine.descriptor.TestMethodTestDescriptor.lambda$invokeTestMethod$6(TestMethodTestDescriptor.java:210)
	at org.junit.platform.engine.support.hierarchical.ThrowableCollector.execute(ThrowableCollector.java:73)
	at org.junit.jupiter.engine.descriptor.TestMethodTestDescriptor.invokeTestMethod(TestMethodTestDescriptor.java:206)
	at org.junit.jupiter.engine.descriptor.TestMethodTestDescriptor.execute(TestMethodTestDescriptor.java:131)
	at org.junit.jupiter.engine.descriptor.TestMethodTestDescriptor.execute(TestMethodTestDescriptor.java:65)
	at org.junit.platform.engine.support.hierarchical.NodeTestTask.lambda$executeRecursively$5(NodeTestTask.java:139)
	at org.junit.platform.engine.support.hierarchical.ThrowableCollector.execute(ThrowableCollector.java:73)
	at org.junit.platform.engine.support.hierarchical.NodeTestTask.lambda$executeRecursively$7(NodeTestTask.java:129)
	at org.junit.platform.engine.support.hierarchical.Node.around(Node.java:137)
	at org.junit.platform.engine.support.hierarchical.NodeTestTask.lambda$executeRecursively$8(NodeTestTask.java:127)
	at org.junit.platform.engine.support.hierarchical.ThrowableCollector.execute(ThrowableCollector.java:73)
	at org.junit.platform.engine.support.hierarchical.NodeTestTask.executeRecursively(NodeTestTask.java:126)
	at org.junit.platform.engine.support.hierarchical.NodeTestTask.execute(NodeTestTask.java:84)
	at java.base/java.util.ArrayList.forEach(ArrayList.java:1541)
	at org.junit.platform.engine.support.hierarchical.SameThreadHierarchicalTestExecutorService.invokeAll(SameThreadHierarchicalTestExecutorService.java:38)
	at org.junit.platform.engine.support.hierarchical.NodeTestTask.lambda$executeRecursively$5(NodeTestTask.java:143)
	at org.junit.platform.engine.support.hierarchical.ThrowableCollector.execute(ThrowableCollector.java:73)
	at org.junit.platform.engine.support.hierarchical.NodeTestTask.lambda$executeRecursively$7(NodeTestTask.java:129)
	at org.junit.platform.engine.support.hierarchical.Node.around(Node.java:137)
	at org.junit.platform.engine.support.hierarchical.NodeTestTask.lambda$executeRecursively$8(NodeTestTask.java:127)
	at org.junit.platform.engine.support.hierarchical.ThrowableCollector.execute(ThrowableCollector.java:73)
	at org.junit.platform.engine.support.hierarchical.NodeTestTask.executeRecursively(NodeTestTask.java:126)
	at org.junit.platform.engine.support.hierarchical.NodeTestTask.execute(NodeTestTask.java:84)
	at java.base/java.util.ArrayList.forEach(ArrayList.java:1541)
	at org.junit.platform.engine.support.hierarchical.SameThreadHierarchicalTestExecutorService.invokeAll(SameThreadHierarchicalTestExecutorService.java:38)
	at org.junit.platform.engine.support.hierarchical.NodeTestTask.lambda$executeRecursively$5(NodeTestTask.java:143)
	at org.junit.platform.engine.support.hierarchical.ThrowableCollector.execute(ThrowableCollector.java:73)
	at org.junit.platform.engine.support.hierarchical.NodeTestTask.lambda$executeRecursively$7(NodeTestTask.java:129)
	at org.junit.platform.engine.support.hierarchical.Node.around(Node.java:137)
	at org.junit.platform.engine.support.hierarchical.NodeTestTask.lambda$executeRecursively$8(NodeTestTask.java:127)
	at org.junit.platform.engine.support.hierarchical.ThrowableCollector.execute(ThrowableCollector.java:73)
	at org.junit.platform.engine.support.hierarchical.NodeTestTask.executeRecursively(NodeTestTask.java:126)
	at org.junit.platform.engine.support.hierarchical.NodeTestTask.execute(NodeTestTask.java:84)
	at org.junit.platform.engine.support.hierarchical.SameThreadHierarchicalTestExecutorService.submit(SameThreadHierarchicalTestExecutorService.java:32)
	at org.junit.platform.engine.support.hierarchical.HierarchicalTestExecutor.execute(HierarchicalTestExecutor.java:57)
	at org.junit.platform.engine.support.hierarchical.HierarchicalTestEngine.execute(HierarchicalTestEngine.java:51)
	at org.junit.platform.launcher.core.EngineExecutionOrchestrator.execute(EngineExecutionOrchestrator.java:108)
	at org.junit.platform.launcher.core.EngineExecutionOrchestrator.execute(EngineExecutionOrchestrator.java:88)
	at org.junit.platform.launcher.core.EngineExecutionOrchestrator.lambda$execute$0(EngineExecutionOrchestrator.java:54)
	at org.junit.platform.launcher.core.EngineExecutionOrchestrator.withInterceptedStreams(EngineExecutionOrchestrator.java:67)
	at org.junit.platform.launcher.core.EngineExecutionOrchestrator.execute(EngineExecutionOrchestrator.java:52)
	at org.junit.platform.launcher.core.DefaultLauncher.execute(DefaultLauncher.java:96)
	at org.junit.platform.launcher.core.DefaultLauncher.execute(DefaultLauncher.java:75)
	at org.junit.platform.console.tasks.ConsoleTestExecutor.executeTests(ConsoleTestExecutor.java:66)
	at org.junit.platform.console.tasks.ConsoleTestExecutor.lambda$execute$0(ConsoleTestExecutor.java:58)
	at org.junit.platform.console.tasks.CustomContextClassLoaderExecutor.invoke(CustomContextClassLoaderExecutor.java:33)
	at org.junit.platform.console.tasks.ConsoleTestExecutor.execute(ConsoleTestExecutor.java:58)
	at org.junit.platform.console.ConsoleLauncher.executeTests(ConsoleLauncher.java:95)
	at org.junit.platform.console.ConsoleLauncher.execute(ConsoleLauncher.java:73)
	at org.junit.platform.console.ConsoleLauncher.execute(ConsoleLauncher.java:50)
	at org.junit.platform.console.ConsoleLauncher.execute(ConsoleLauncher.java:43)
	at org.junit.platform.console.ConsoleLauncher.main(ConsoleLauncher.java:37)
Caused by: velka.lang.exceptions.DuplicateTypeDefinitionException: Type Name:* was already defined!
	at velka.lang.interpretation.TypeEnvironment.addType(TypeEnvironment.java:84)
	at velka.lang.semantic.SemanticParser.parseDeftype(SemanticParser.java:389)
	at velka.lang.semantic.SemanticParser.parseSpecialForm(SemanticParser.java:206)
	at velka.lang.semantic.SemanticParser.parseNodelist(SemanticParser.java:88)
	at velka.lang.semantic.SemanticParser.parseNode(SemanticParser.java:137)
	at velka.lang.semantic.SemanticParser.parseNode(SemanticParser.java:102)
	at velka.lang.test.TestComplex.lambda$parseString$0(TestComplex.java:681)
	... 81 more
]]></error>
<system-out><![CDATA[
unique-id: [engine:junit-jupiter]/[class:velka.lang.test.TestComplex]/[method:testComplex()]
display-name: testComplex()
]]></system-out>
</testcase>
<testcase name="testExceptionExpr()" classname="velka.lang.test.TestInterpretation" time="0.001">
<system-out><![CDATA[
unique-id: [engine:junit-jupiter]/[class:velka.lang.test.TestInterpretation]/[method:testExceptionExpr()]
display-name: testExceptionExpr()
]]></system-out>
</testcase>
<testcase name="testOperators()" classname="velka.lang.test.TestInterpretation" time="0.001">
<system-out><![CDATA[
unique-id: [engine:junit-jupiter]/[class:velka.lang.test.TestInterpretation]/[method:testOperators()]
display-name: testOperators()
]]></system-out>
</testcase>
<testcase name="testConversions()" classname="velka.lang.test.TestInterpretation" time="0">
<system-out><![CDATA[
unique-id: [engine:junit-jupiter]/[class:velka.lang.test.TestInterpretation]/[method:testConversions()]
display-name: testConversions()
]]></system-out>
</testcase>
<testcase name="testLitInteger()" classname="velka.lang.test.TestInterpretation" time="0.001">
<system-out><![CDATA[
unique-id: [engine:junit-jupiter]/[class:velka.lang.test.TestInterpretation]/[method:testLitInteger()]
display-name: testLitInteger()
]]></system-out>
</testcase>
<testcase name="testTuple()" classname="velka.lang.test.TestInterpretation" time="0.002">
<error message="velka.lang.expression.TypeHolder is not to be interpreted!" type="velka.lang.util.AppendableException"><![CDATA[velka.lang.util.AppendableException: velka.lang.expression.TypeHolder is not to be interpreted!
	at velka.lang.expression.TypeHolder.interpret(TypeHolder.java:49)
	at velka.lang.expression.Symbol.interpret(Symbol.java:43)
	at velka.lang.expression.Tuple.interpret(Tuple.java:65)
	at velka.lang.test.TestInterpretation.testInterpretation(TestInterpretation.java:1247)
	at velka.lang.test.TestInterpretation.testTuple(TestInterpretation.java:307)
	at java.base/jdk.internal.reflect.NativeMethodAccessorImpl.invoke0(Native Method)
	at java.base/jdk.internal.reflect.NativeMethodAccessorImpl.invoke(NativeMethodAccessorImpl.java:62)
	at java.base/jdk.internal.reflect.DelegatingMethodAccessorImpl.invoke(DelegatingMethodAccessorImpl.java:43)
	at java.base/java.lang.reflect.Method.invoke(Method.java:566)
	at org.junit.platform.commons.util.ReflectionUtils.invokeMethod(ReflectionUtils.java:688)
	at org.junit.jupiter.engine.execution.MethodInvocation.proceed(MethodInvocation.java:60)
	at org.junit.jupiter.engine.execution.InvocationInterceptorChain$ValidatingInvocation.proceed(InvocationInterceptorChain.java:131)
	at org.junit.jupiter.engine.extension.TimeoutExtension.intercept(TimeoutExtension.java:149)
	at org.junit.jupiter.engine.extension.TimeoutExtension.interceptTestableMethod(TimeoutExtension.java:140)
	at org.junit.jupiter.engine.extension.TimeoutExtension.interceptTestMethod(TimeoutExtension.java:84)
	at org.junit.jupiter.engine.execution.ExecutableInvoker$ReflectiveInterceptorCall.lambda$ofVoidMethod$0(ExecutableInvoker.java:115)
	at org.junit.jupiter.engine.execution.ExecutableInvoker.lambda$invoke$0(ExecutableInvoker.java:105)
	at org.junit.jupiter.engine.execution.InvocationInterceptorChain$InterceptedInvocation.proceed(InvocationInterceptorChain.java:106)
	at org.junit.jupiter.engine.execution.InvocationInterceptorChain.proceed(InvocationInterceptorChain.java:64)
	at org.junit.jupiter.engine.execution.InvocationInterceptorChain.chainAndInvoke(InvocationInterceptorChain.java:45)
	at org.junit.jupiter.engine.execution.InvocationInterceptorChain.invoke(InvocationInterceptorChain.java:37)
	at org.junit.jupiter.engine.execution.ExecutableInvoker.invoke(ExecutableInvoker.java:104)
	at org.junit.jupiter.engine.execution.ExecutableInvoker.invoke(ExecutableInvoker.java:98)
	at org.junit.jupiter.engine.descriptor.TestMethodTestDescriptor.lambda$invokeTestMethod$6(TestMethodTestDescriptor.java:210)
	at org.junit.platform.engine.support.hierarchical.ThrowableCollector.execute(ThrowableCollector.java:73)
	at org.junit.jupiter.engine.descriptor.TestMethodTestDescriptor.invokeTestMethod(TestMethodTestDescriptor.java:206)
	at org.junit.jupiter.engine.descriptor.TestMethodTestDescriptor.execute(TestMethodTestDescriptor.java:131)
	at org.junit.jupiter.engine.descriptor.TestMethodTestDescriptor.execute(TestMethodTestDescriptor.java:65)
	at org.junit.platform.engine.support.hierarchical.NodeTestTask.lambda$executeRecursively$5(NodeTestTask.java:139)
	at org.junit.platform.engine.support.hierarchical.ThrowableCollector.execute(ThrowableCollector.java:73)
	at org.junit.platform.engine.support.hierarchical.NodeTestTask.lambda$executeRecursively$7(NodeTestTask.java:129)
	at org.junit.platform.engine.support.hierarchical.Node.around(Node.java:137)
	at org.junit.platform.engine.support.hierarchical.NodeTestTask.lambda$executeRecursively$8(NodeTestTask.java:127)
	at org.junit.platform.engine.support.hierarchical.ThrowableCollector.execute(ThrowableCollector.java:73)
	at org.junit.platform.engine.support.hierarchical.NodeTestTask.executeRecursively(NodeTestTask.java:126)
	at org.junit.platform.engine.support.hierarchical.NodeTestTask.execute(NodeTestTask.java:84)
	at java.base/java.util.ArrayList.forEach(ArrayList.java:1541)
	at org.junit.platform.engine.support.hierarchical.SameThreadHierarchicalTestExecutorService.invokeAll(SameThreadHierarchicalTestExecutorService.java:38)
	at org.junit.platform.engine.support.hierarchical.NodeTestTask.lambda$executeRecursively$5(NodeTestTask.java:143)
	at org.junit.platform.engine.support.hierarchical.ThrowableCollector.execute(ThrowableCollector.java:73)
	at org.junit.platform.engine.support.hierarchical.NodeTestTask.lambda$executeRecursively$7(NodeTestTask.java:129)
	at org.junit.platform.engine.support.hierarchical.Node.around(Node.java:137)
	at org.junit.platform.engine.support.hierarchical.NodeTestTask.lambda$executeRecursively$8(NodeTestTask.java:127)
	at org.junit.platform.engine.support.hierarchical.ThrowableCollector.execute(ThrowableCollector.java:73)
	at org.junit.platform.engine.support.hierarchical.NodeTestTask.executeRecursively(NodeTestTask.java:126)
	at org.junit.platform.engine.support.hierarchical.NodeTestTask.execute(NodeTestTask.java:84)
	at java.base/java.util.ArrayList.forEach(ArrayList.java:1541)
	at org.junit.platform.engine.support.hierarchical.SameThreadHierarchicalTestExecutorService.invokeAll(SameThreadHierarchicalTestExecutorService.java:38)
	at org.junit.platform.engine.support.hierarchical.NodeTestTask.lambda$executeRecursively$5(NodeTestTask.java:143)
	at org.junit.platform.engine.support.hierarchical.ThrowableCollector.execute(ThrowableCollector.java:73)
	at org.junit.platform.engine.support.hierarchical.NodeTestTask.lambda$executeRecursively$7(NodeTestTask.java:129)
	at org.junit.platform.engine.support.hierarchical.Node.around(Node.java:137)
	at org.junit.platform.engine.support.hierarchical.NodeTestTask.lambda$executeRecursively$8(NodeTestTask.java:127)
	at org.junit.platform.engine.support.hierarchical.ThrowableCollector.execute(ThrowableCollector.java:73)
	at org.junit.platform.engine.support.hierarchical.NodeTestTask.executeRecursively(NodeTestTask.java:126)
	at org.junit.platform.engine.support.hierarchical.NodeTestTask.execute(NodeTestTask.java:84)
	at org.junit.platform.engine.support.hierarchical.SameThreadHierarchicalTestExecutorService.submit(SameThreadHierarchicalTestExecutorService.java:32)
	at org.junit.platform.engine.support.hierarchical.HierarchicalTestExecutor.execute(HierarchicalTestExecutor.java:57)
	at org.junit.platform.engine.support.hierarchical.HierarchicalTestEngine.execute(HierarchicalTestEngine.java:51)
	at org.junit.platform.launcher.core.EngineExecutionOrchestrator.execute(EngineExecutionOrchestrator.java:108)
	at org.junit.platform.launcher.core.EngineExecutionOrchestrator.execute(EngineExecutionOrchestrator.java:88)
	at org.junit.platform.launcher.core.EngineExecutionOrchestrator.lambda$execute$0(EngineExecutionOrchestrator.java:54)
	at org.junit.platform.launcher.core.EngineExecutionOrchestrator.withInterceptedStreams(EngineExecutionOrchestrator.java:67)
	at org.junit.platform.launcher.core.EngineExecutionOrchestrator.execute(EngineExecutionOrchestrator.java:52)
	at org.junit.platform.launcher.core.DefaultLauncher.execute(DefaultLauncher.java:96)
	at org.junit.platform.launcher.core.DefaultLauncher.execute(DefaultLauncher.java:75)
	at org.junit.platform.console.tasks.ConsoleTestExecutor.executeTests(ConsoleTestExecutor.java:66)
	at org.junit.platform.console.tasks.ConsoleTestExecutor.lambda$execute$0(ConsoleTestExecutor.java:58)
	at org.junit.platform.console.tasks.CustomContextClassLoaderExecutor.invoke(CustomContextClassLoaderExecutor.java:33)
	at org.junit.platform.console.tasks.ConsoleTestExecutor.execute(ConsoleTestExecutor.java:58)
	at org.junit.platform.console.ConsoleLauncher.executeTests(ConsoleLauncher.java:95)
	at org.junit.platform.console.ConsoleLauncher.execute(ConsoleLauncher.java:73)
	at org.junit.platform.console.ConsoleLauncher.execute(ConsoleLauncher.java:50)
	at org.junit.platform.console.ConsoleLauncher.execute(ConsoleLauncher.java:43)
	at org.junit.platform.console.ConsoleLauncher.main(ConsoleLauncher.java:37)
]]></error>
<system-out><![CDATA[
unique-id: [engine:junit-jupiter]/[class:velka.lang.test.TestInterpretation]/[method:testTuple()]
display-name: testTuple()
]]></system-out>
</testcase>
<testcase name="testLitDouble()" classname="velka.lang.test.TestInterpretation" time="0">
<system-out><![CDATA[
unique-id: [engine:junit-jupiter]/[class:velka.lang.test.TestInterpretation]/[method:testLitDouble()]
display-name: testLitDouble()
]]></system-out>
</testcase>
<testcase name="testIfExpression()" classname="velka.lang.test.TestInterpretation" time="0">
<system-out><![CDATA[
unique-id: [engine:junit-jupiter]/[class:velka.lang.test.TestInterpretation]/[method:testIfExpression()]
display-name: testIfExpression()
]]></system-out>
</testcase>
<testcase name="testDefTypeExpression()" classname="velka.lang.test.TestInterpretation" time="0.001">
<error message="Type Test:* was already defined!" type="velka.lang.exceptions.DuplicateTypeDefinitionException"><![CDATA[velka.lang.exceptions.DuplicateTypeDefinitionException: Type Test:* was already defined!
	at velka.lang.interpretation.TypeEnvironment.addType(TypeEnvironment.java:84)
	at velka.lang.application.DefineType.interpret(DefineType.java:60)
	at velka.lang.test.TestInterpretation.testInterpretation(TestInterpretation.java:1247)
	at velka.lang.test.TestInterpretation.testDefTypeExpression(TestInterpretation.java:943)
	at java.base/jdk.internal.reflect.NativeMethodAccessorImpl.invoke0(Native Method)
	at java.base/jdk.internal.reflect.NativeMethodAccessorImpl.invoke(NativeMethodAccessorImpl.java:62)
	at java.base/jdk.internal.reflect.DelegatingMethodAccessorImpl.invoke(DelegatingMethodAccessorImpl.java:43)
	at java.base/java.lang.reflect.Method.invoke(Method.java:566)
	at org.junit.platform.commons.util.ReflectionUtils.invokeMethod(ReflectionUtils.java:688)
	at org.junit.jupiter.engine.execution.MethodInvocation.proceed(MethodInvocation.java:60)
	at org.junit.jupiter.engine.execution.InvocationInterceptorChain$ValidatingInvocation.proceed(InvocationInterceptorChain.java:131)
	at org.junit.jupiter.engine.extension.TimeoutExtension.intercept(TimeoutExtension.java:149)
	at org.junit.jupiter.engine.extension.TimeoutExtension.interceptTestableMethod(TimeoutExtension.java:140)
	at org.junit.jupiter.engine.extension.TimeoutExtension.interceptTestMethod(TimeoutExtension.java:84)
	at org.junit.jupiter.engine.execution.ExecutableInvoker$ReflectiveInterceptorCall.lambda$ofVoidMethod$0(ExecutableInvoker.java:115)
	at org.junit.jupiter.engine.execution.ExecutableInvoker.lambda$invoke$0(ExecutableInvoker.java:105)
	at org.junit.jupiter.engine.execution.InvocationInterceptorChain$InterceptedInvocation.proceed(InvocationInterceptorChain.java:106)
	at org.junit.jupiter.engine.execution.InvocationInterceptorChain.proceed(InvocationInterceptorChain.java:64)
	at org.junit.jupiter.engine.execution.InvocationInterceptorChain.chainAndInvoke(InvocationInterceptorChain.java:45)
	at org.junit.jupiter.engine.execution.InvocationInterceptorChain.invoke(InvocationInterceptorChain.java:37)
	at org.junit.jupiter.engine.execution.ExecutableInvoker.invoke(ExecutableInvoker.java:104)
	at org.junit.jupiter.engine.execution.ExecutableInvoker.invoke(ExecutableInvoker.java:98)
	at org.junit.jupiter.engine.descriptor.TestMethodTestDescriptor.lambda$invokeTestMethod$6(TestMethodTestDescriptor.java:210)
	at org.junit.platform.engine.support.hierarchical.ThrowableCollector.execute(ThrowableCollector.java:73)
	at org.junit.jupiter.engine.descriptor.TestMethodTestDescriptor.invokeTestMethod(TestMethodTestDescriptor.java:206)
	at org.junit.jupiter.engine.descriptor.TestMethodTestDescriptor.execute(TestMethodTestDescriptor.java:131)
	at org.junit.jupiter.engine.descriptor.TestMethodTestDescriptor.execute(TestMethodTestDescriptor.java:65)
	at org.junit.platform.engine.support.hierarchical.NodeTestTask.lambda$executeRecursively$5(NodeTestTask.java:139)
	at org.junit.platform.engine.support.hierarchical.ThrowableCollector.execute(ThrowableCollector.java:73)
	at org.junit.platform.engine.support.hierarchical.NodeTestTask.lambda$executeRecursively$7(NodeTestTask.java:129)
	at org.junit.platform.engine.support.hierarchical.Node.around(Node.java:137)
	at org.junit.platform.engine.support.hierarchical.NodeTestTask.lambda$executeRecursively$8(NodeTestTask.java:127)
	at org.junit.platform.engine.support.hierarchical.ThrowableCollector.execute(ThrowableCollector.java:73)
	at org.junit.platform.engine.support.hierarchical.NodeTestTask.executeRecursively(NodeTestTask.java:126)
	at org.junit.platform.engine.support.hierarchical.NodeTestTask.execute(NodeTestTask.java:84)
	at java.base/java.util.ArrayList.forEach(ArrayList.java:1541)
	at org.junit.platform.engine.support.hierarchical.SameThreadHierarchicalTestExecutorService.invokeAll(SameThreadHierarchicalTestExecutorService.java:38)
	at org.junit.platform.engine.support.hierarchical.NodeTestTask.lambda$executeRecursively$5(NodeTestTask.java:143)
	at org.junit.platform.engine.support.hierarchical.ThrowableCollector.execute(ThrowableCollector.java:73)
	at org.junit.platform.engine.support.hierarchical.NodeTestTask.lambda$executeRecursively$7(NodeTestTask.java:129)
	at org.junit.platform.engine.support.hierarchical.Node.around(Node.java:137)
	at org.junit.platform.engine.support.hierarchical.NodeTestTask.lambda$executeRecursively$8(NodeTestTask.java:127)
	at org.junit.platform.engine.support.hierarchical.ThrowableCollector.execute(ThrowableCollector.java:73)
	at org.junit.platform.engine.support.hierarchical.NodeTestTask.executeRecursively(NodeTestTask.java:126)
	at org.junit.platform.engine.support.hierarchical.NodeTestTask.execute(NodeTestTask.java:84)
	at java.base/java.util.ArrayList.forEach(ArrayList.java:1541)
	at org.junit.platform.engine.support.hierarchical.SameThreadHierarchicalTestExecutorService.invokeAll(SameThreadHierarchicalTestExecutorService.java:38)
	at org.junit.platform.engine.support.hierarchical.NodeTestTask.lambda$executeRecursively$5(NodeTestTask.java:143)
	at org.junit.platform.engine.support.hierarchical.ThrowableCollector.execute(ThrowableCollector.java:73)
	at org.junit.platform.engine.support.hierarchical.NodeTestTask.lambda$executeRecursively$7(NodeTestTask.java:129)
	at org.junit.platform.engine.support.hierarchical.Node.around(Node.java:137)
	at org.junit.platform.engine.support.hierarchical.NodeTestTask.lambda$executeRecursively$8(NodeTestTask.java:127)
	at org.junit.platform.engine.support.hierarchical.ThrowableCollector.execute(ThrowableCollector.java:73)
	at org.junit.platform.engine.support.hierarchical.NodeTestTask.executeRecursively(NodeTestTask.java:126)
	at org.junit.platform.engine.support.hierarchical.NodeTestTask.execute(NodeTestTask.java:84)
	at org.junit.platform.engine.support.hierarchical.SameThreadHierarchicalTestExecutorService.submit(SameThreadHierarchicalTestExecutorService.java:32)
	at org.junit.platform.engine.support.hierarchical.HierarchicalTestExecutor.execute(HierarchicalTestExecutor.java:57)
	at org.junit.platform.engine.support.hierarchical.HierarchicalTestEngine.execute(HierarchicalTestEngine.java:51)
	at org.junit.platform.launcher.core.EngineExecutionOrchestrator.execute(EngineExecutionOrchestrator.java:108)
	at org.junit.platform.launcher.core.EngineExecutionOrchestrator.execute(EngineExecutionOrchestrator.java:88)
	at org.junit.platform.launcher.core.EngineExecutionOrchestrator.lambda$execute$0(EngineExecutionOrchestrator.java:54)
	at org.junit.platform.launcher.core.EngineExecutionOrchestrator.withInterceptedStreams(EngineExecutionOrchestrator.java:67)
	at org.junit.platform.launcher.core.EngineExecutionOrchestrator.execute(EngineExecutionOrchestrator.java:52)
	at org.junit.platform.launcher.core.DefaultLauncher.execute(DefaultLauncher.java:96)
	at org.junit.platform.launcher.core.DefaultLauncher.execute(DefaultLauncher.java:75)
	at org.junit.platform.console.tasks.ConsoleTestExecutor.executeTests(ConsoleTestExecutor.java:66)
	at org.junit.platform.console.tasks.ConsoleTestExecutor.lambda$execute$0(ConsoleTestExecutor.java:58)
	at org.junit.platform.console.tasks.CustomContextClassLoaderExecutor.invoke(CustomContextClassLoaderExecutor.java:33)
	at org.junit.platform.console.tasks.ConsoleTestExecutor.execute(ConsoleTestExecutor.java:58)
	at org.junit.platform.console.ConsoleLauncher.executeTests(ConsoleLauncher.java:95)
	at org.junit.platform.console.ConsoleLauncher.execute(ConsoleLauncher.java:73)
	at org.junit.platform.console.ConsoleLauncher.execute(ConsoleLauncher.java:50)
	at org.junit.platform.console.ConsoleLauncher.execute(ConsoleLauncher.java:43)
	at org.junit.platform.console.ConsoleLauncher.main(ConsoleLauncher.java:37)
]]></error>
<system-out><![CDATA[
unique-id: [engine:junit-jupiter]/[class:velka.lang.test.TestInterpretation]/[method:testDefTypeExpression()]
display-name: testDefTypeExpression()
]]></system-out>
</testcase>
<testcase name="testExpendedLambda()" classname="velka.lang.test.TestInterpretation" time="0.007">
<system-out><![CDATA[
unique-id: [engine:junit-jupiter]/[class:velka.lang.test.TestInterpretation]/[method:testExpendedLambda()]
display-name: testExpendedLambda()
]]></system-out>
</testcase>
<testcase name="testEnvironment()" classname="velka.lang.test.TestInterpretation" time="0.001">
<system-out><![CDATA[
unique-id: [engine:junit-jupiter]/[class:velka.lang.test.TestInterpretation]/[method:testEnvironment()]
display-name: testEnvironment()
]]></system-out>
</testcase>
<testcase name="testEmptyExpression()" classname="velka.lang.test.TestInterpretation" time="0">
<system-out><![CDATA[
unique-id: [engine:junit-jupiter]/[class:velka.lang.test.TestInterpretation]/[method:testEmptyExpression()]
display-name: testEmptyExpression()
]]></system-out>
</testcase>
<testcase name="testLitString()" classname="velka.lang.test.TestInterpretation" time="0">
<system-out><![CDATA[
unique-id: [engine:junit-jupiter]/[class:velka.lang.test.TestInterpretation]/[method:testLitString()]
display-name: testLitString()
]]></system-out>
</testcase>
<testcase name="testVariable()" classname="velka.lang.test.TestInterpretation" time="0">
<error message="velka.lang.expression.TypeHolder is not to be interpreted!" type="velka.lang.util.AppendableException"><![CDATA[velka.lang.util.AppendableException: velka.lang.expression.TypeHolder is not to be interpreted!
	at velka.lang.expression.TypeHolder.interpret(TypeHolder.java:49)
	at velka.lang.expression.Symbol.interpret(Symbol.java:43)
	at velka.lang.test.TestInterpretation.testInterpretation(TestInterpretation.java:1247)
	at velka.lang.test.TestInterpretation.testVariable(TestInterpretation.java:251)
	at java.base/jdk.internal.reflect.NativeMethodAccessorImpl.invoke0(Native Method)
	at java.base/jdk.internal.reflect.NativeMethodAccessorImpl.invoke(NativeMethodAccessorImpl.java:62)
	at java.base/jdk.internal.reflect.DelegatingMethodAccessorImpl.invoke(DelegatingMethodAccessorImpl.java:43)
	at java.base/java.lang.reflect.Method.invoke(Method.java:566)
	at org.junit.platform.commons.util.ReflectionUtils.invokeMethod(ReflectionUtils.java:688)
	at org.junit.jupiter.engine.execution.MethodInvocation.proceed(MethodInvocation.java:60)
	at org.junit.jupiter.engine.execution.InvocationInterceptorChain$ValidatingInvocation.proceed(InvocationInterceptorChain.java:131)
	at org.junit.jupiter.engine.extension.TimeoutExtension.intercept(TimeoutExtension.java:149)
	at org.junit.jupiter.engine.extension.TimeoutExtension.interceptTestableMethod(TimeoutExtension.java:140)
	at org.junit.jupiter.engine.extension.TimeoutExtension.interceptTestMethod(TimeoutExtension.java:84)
	at org.junit.jupiter.engine.execution.ExecutableInvoker$ReflectiveInterceptorCall.lambda$ofVoidMethod$0(ExecutableInvoker.java:115)
	at org.junit.jupiter.engine.execution.ExecutableInvoker.lambda$invoke$0(ExecutableInvoker.java:105)
	at org.junit.jupiter.engine.execution.InvocationInterceptorChain$InterceptedInvocation.proceed(InvocationInterceptorChain.java:106)
	at org.junit.jupiter.engine.execution.InvocationInterceptorChain.proceed(InvocationInterceptorChain.java:64)
	at org.junit.jupiter.engine.execution.InvocationInterceptorChain.chainAndInvoke(InvocationInterceptorChain.java:45)
	at org.junit.jupiter.engine.execution.InvocationInterceptorChain.invoke(InvocationInterceptorChain.java:37)
	at org.junit.jupiter.engine.execution.ExecutableInvoker.invoke(ExecutableInvoker.java:104)
	at org.junit.jupiter.engine.execution.ExecutableInvoker.invoke(ExecutableInvoker.java:98)
	at org.junit.jupiter.engine.descriptor.TestMethodTestDescriptor.lambda$invokeTestMethod$6(TestMethodTestDescriptor.java:210)
	at org.junit.platform.engine.support.hierarchical.ThrowableCollector.execute(ThrowableCollector.java:73)
	at org.junit.jupiter.engine.descriptor.TestMethodTestDescriptor.invokeTestMethod(TestMethodTestDescriptor.java:206)
	at org.junit.jupiter.engine.descriptor.TestMethodTestDescriptor.execute(TestMethodTestDescriptor.java:131)
	at org.junit.jupiter.engine.descriptor.TestMethodTestDescriptor.execute(TestMethodTestDescriptor.java:65)
	at org.junit.platform.engine.support.hierarchical.NodeTestTask.lambda$executeRecursively$5(NodeTestTask.java:139)
	at org.junit.platform.engine.support.hierarchical.ThrowableCollector.execute(ThrowableCollector.java:73)
	at org.junit.platform.engine.support.hierarchical.NodeTestTask.lambda$executeRecursively$7(NodeTestTask.java:129)
	at org.junit.platform.engine.support.hierarchical.Node.around(Node.java:137)
	at org.junit.platform.engine.support.hierarchical.NodeTestTask.lambda$executeRecursively$8(NodeTestTask.java:127)
	at org.junit.platform.engine.support.hierarchical.ThrowableCollector.execute(ThrowableCollector.java:73)
	at org.junit.platform.engine.support.hierarchical.NodeTestTask.executeRecursively(NodeTestTask.java:126)
	at org.junit.platform.engine.support.hierarchical.NodeTestTask.execute(NodeTestTask.java:84)
	at java.base/java.util.ArrayList.forEach(ArrayList.java:1541)
	at org.junit.platform.engine.support.hierarchical.SameThreadHierarchicalTestExecutorService.invokeAll(SameThreadHierarchicalTestExecutorService.java:38)
	at org.junit.platform.engine.support.hierarchical.NodeTestTask.lambda$executeRecursively$5(NodeTestTask.java:143)
	at org.junit.platform.engine.support.hierarchical.ThrowableCollector.execute(ThrowableCollector.java:73)
	at org.junit.platform.engine.support.hierarchical.NodeTestTask.lambda$executeRecursively$7(NodeTestTask.java:129)
	at org.junit.platform.engine.support.hierarchical.Node.around(Node.java:137)
	at org.junit.platform.engine.support.hierarchical.NodeTestTask.lambda$executeRecursively$8(NodeTestTask.java:127)
	at org.junit.platform.engine.support.hierarchical.ThrowableCollector.execute(ThrowableCollector.java:73)
	at org.junit.platform.engine.support.hierarchical.NodeTestTask.executeRecursively(NodeTestTask.java:126)
	at org.junit.platform.engine.support.hierarchical.NodeTestTask.execute(NodeTestTask.java:84)
	at java.base/java.util.ArrayList.forEach(ArrayList.java:1541)
	at org.junit.platform.engine.support.hierarchical.SameThreadHierarchicalTestExecutorService.invokeAll(SameThreadHierarchicalTestExecutorService.java:38)
	at org.junit.platform.engine.support.hierarchical.NodeTestTask.lambda$executeRecursively$5(NodeTestTask.java:143)
	at org.junit.platform.engine.support.hierarchical.ThrowableCollector.execute(ThrowableCollector.java:73)
	at org.junit.platform.engine.support.hierarchical.NodeTestTask.lambda$executeRecursively$7(NodeTestTask.java:129)
	at org.junit.platform.engine.support.hierarchical.Node.around(Node.java:137)
	at org.junit.platform.engine.support.hierarchical.NodeTestTask.lambda$executeRecursively$8(NodeTestTask.java:127)
	at org.junit.platform.engine.support.hierarchical.ThrowableCollector.execute(ThrowableCollector.java:73)
	at org.junit.platform.engine.support.hierarchical.NodeTestTask.executeRecursively(NodeTestTask.java:126)
	at org.junit.platform.engine.support.hierarchical.NodeTestTask.execute(NodeTestTask.java:84)
	at org.junit.platform.engine.support.hierarchical.SameThreadHierarchicalTestExecutorService.submit(SameThreadHierarchicalTestExecutorService.java:32)
	at org.junit.platform.engine.support.hierarchical.HierarchicalTestExecutor.execute(HierarchicalTestExecutor.java:57)
	at org.junit.platform.engine.support.hierarchical.HierarchicalTestEngine.execute(HierarchicalTestEngine.java:51)
	at org.junit.platform.launcher.core.EngineExecutionOrchestrator.execute(EngineExecutionOrchestrator.java:108)
	at org.junit.platform.launcher.core.EngineExecutionOrchestrator.execute(EngineExecutionOrchestrator.java:88)
	at org.junit.platform.launcher.core.EngineExecutionOrchestrator.lambda$execute$0(EngineExecutionOrchestrator.java:54)
	at org.junit.platform.launcher.core.EngineExecutionOrchestrator.withInterceptedStreams(EngineExecutionOrchestrator.java:67)
	at org.junit.platform.launcher.core.EngineExecutionOrchestrator.execute(EngineExecutionOrchestrator.java:52)
	at org.junit.platform.launcher.core.DefaultLauncher.execute(DefaultLauncher.java:96)
	at org.junit.platform.launcher.core.DefaultLauncher.execute(DefaultLauncher.java:75)
	at org.junit.platform.console.tasks.ConsoleTestExecutor.executeTests(ConsoleTestExecutor.java:66)
	at org.junit.platform.console.tasks.ConsoleTestExecutor.lambda$execute$0(ConsoleTestExecutor.java:58)
	at org.junit.platform.console.tasks.CustomContextClassLoaderExecutor.invoke(CustomContextClassLoaderExecutor.java:33)
	at org.junit.platform.console.tasks.ConsoleTestExecutor.execute(ConsoleTestExecutor.java:58)
	at org.junit.platform.console.ConsoleLauncher.executeTests(ConsoleLauncher.java:95)
	at org.junit.platform.console.ConsoleLauncher.execute(ConsoleLauncher.java:73)
	at org.junit.platform.console.ConsoleLauncher.execute(ConsoleLauncher.java:50)
	at org.junit.platform.console.ConsoleLauncher.execute(ConsoleLauncher.java:43)
	at org.junit.platform.console.ConsoleLauncher.main(ConsoleLauncher.java:37)
]]></error>
<system-out><![CDATA[
unique-id: [engine:junit-jupiter]/[class:velka.lang.test.TestInterpretation]/[method:testVariable()]
display-name: testVariable()
]]></system-out>
</testcase>
<testcase name="testListNative()" classname="velka.lang.test.TestInterpretation" time="0.007">
<error message="velka.lang.expression.TypeHolder is not to be interpreted!" type="velka.lang.util.AppendableException"><![CDATA[velka.lang.util.AppendableException: velka.lang.expression.TypeHolder is not to be interpreted!
	at velka.lang.expression.TypeHolder.interpret(TypeHolder.java:49)
	at velka.lang.expression.Symbol.interpret(Symbol.java:43)
	at velka.lang.application.AbstractionApplication.apply(AbstractionApplication.java:152)
	at velka.lang.application.Application.interpret(Application.java:113)
	at velka.lang.test.TestInterpretation.testInterpretation(TestInterpretation.java:1247)
	at velka.lang.test.TestInterpretation.testInterpretString(TestInterpretation.java:1279)
	at velka.lang.test.TestInterpretation.testListNative(TestInterpretation.java:1139)
	at java.base/jdk.internal.reflect.NativeMethodAccessorImpl.invoke0(Native Method)
	at java.base/jdk.internal.reflect.NativeMethodAccessorImpl.invoke(NativeMethodAccessorImpl.java:62)
	at java.base/jdk.internal.reflect.DelegatingMethodAccessorImpl.invoke(DelegatingMethodAccessorImpl.java:43)
	at java.base/java.lang.reflect.Method.invoke(Method.java:566)
	at org.junit.platform.commons.util.ReflectionUtils.invokeMethod(ReflectionUtils.java:688)
	at org.junit.jupiter.engine.execution.MethodInvocation.proceed(MethodInvocation.java:60)
	at org.junit.jupiter.engine.execution.InvocationInterceptorChain$ValidatingInvocation.proceed(InvocationInterceptorChain.java:131)
	at org.junit.jupiter.engine.extension.TimeoutExtension.intercept(TimeoutExtension.java:149)
	at org.junit.jupiter.engine.extension.TimeoutExtension.interceptTestableMethod(TimeoutExtension.java:140)
	at org.junit.jupiter.engine.extension.TimeoutExtension.interceptTestMethod(TimeoutExtension.java:84)
	at org.junit.jupiter.engine.execution.ExecutableInvoker$ReflectiveInterceptorCall.lambda$ofVoidMethod$0(ExecutableInvoker.java:115)
	at org.junit.jupiter.engine.execution.ExecutableInvoker.lambda$invoke$0(ExecutableInvoker.java:105)
	at org.junit.jupiter.engine.execution.InvocationInterceptorChain$InterceptedInvocation.proceed(InvocationInterceptorChain.java:106)
	at org.junit.jupiter.engine.execution.InvocationInterceptorChain.proceed(InvocationInterceptorChain.java:64)
	at org.junit.jupiter.engine.execution.InvocationInterceptorChain.chainAndInvoke(InvocationInterceptorChain.java:45)
	at org.junit.jupiter.engine.execution.InvocationInterceptorChain.invoke(InvocationInterceptorChain.java:37)
	at org.junit.jupiter.engine.execution.ExecutableInvoker.invoke(ExecutableInvoker.java:104)
	at org.junit.jupiter.engine.execution.ExecutableInvoker.invoke(ExecutableInvoker.java:98)
	at org.junit.jupiter.engine.descriptor.TestMethodTestDescriptor.lambda$invokeTestMethod$6(TestMethodTestDescriptor.java:210)
	at org.junit.platform.engine.support.hierarchical.ThrowableCollector.execute(ThrowableCollector.java:73)
	at org.junit.jupiter.engine.descriptor.TestMethodTestDescriptor.invokeTestMethod(TestMethodTestDescriptor.java:206)
	at org.junit.jupiter.engine.descriptor.TestMethodTestDescriptor.execute(TestMethodTestDescriptor.java:131)
	at org.junit.jupiter.engine.descriptor.TestMethodTestDescriptor.execute(TestMethodTestDescriptor.java:65)
	at org.junit.platform.engine.support.hierarchical.NodeTestTask.lambda$executeRecursively$5(NodeTestTask.java:139)
	at org.junit.platform.engine.support.hierarchical.ThrowableCollector.execute(ThrowableCollector.java:73)
	at org.junit.platform.engine.support.hierarchical.NodeTestTask.lambda$executeRecursively$7(NodeTestTask.java:129)
	at org.junit.platform.engine.support.hierarchical.Node.around(Node.java:137)
	at org.junit.platform.engine.support.hierarchical.NodeTestTask.lambda$executeRecursively$8(NodeTestTask.java:127)
	at org.junit.platform.engine.support.hierarchical.ThrowableCollector.execute(ThrowableCollector.java:73)
	at org.junit.platform.engine.support.hierarchical.NodeTestTask.executeRecursively(NodeTestTask.java:126)
	at org.junit.platform.engine.support.hierarchical.NodeTestTask.execute(NodeTestTask.java:84)
	at java.base/java.util.ArrayList.forEach(ArrayList.java:1541)
	at org.junit.platform.engine.support.hierarchical.SameThreadHierarchicalTestExecutorService.invokeAll(SameThreadHierarchicalTestExecutorService.java:38)
	at org.junit.platform.engine.support.hierarchical.NodeTestTask.lambda$executeRecursively$5(NodeTestTask.java:143)
	at org.junit.platform.engine.support.hierarchical.ThrowableCollector.execute(ThrowableCollector.java:73)
	at org.junit.platform.engine.support.hierarchical.NodeTestTask.lambda$executeRecursively$7(NodeTestTask.java:129)
	at org.junit.platform.engine.support.hierarchical.Node.around(Node.java:137)
	at org.junit.platform.engine.support.hierarchical.NodeTestTask.lambda$executeRecursively$8(NodeTestTask.java:127)
	at org.junit.platform.engine.support.hierarchical.ThrowableCollector.execute(ThrowableCollector.java:73)
	at org.junit.platform.engine.support.hierarchical.NodeTestTask.executeRecursively(NodeTestTask.java:126)
	at org.junit.platform.engine.support.hierarchical.NodeTestTask.execute(NodeTestTask.java:84)
	at java.base/java.util.ArrayList.forEach(ArrayList.java:1541)
	at org.junit.platform.engine.support.hierarchical.SameThreadHierarchicalTestExecutorService.invokeAll(SameThreadHierarchicalTestExecutorService.java:38)
	at org.junit.platform.engine.support.hierarchical.NodeTestTask.lambda$executeRecursively$5(NodeTestTask.java:143)
	at org.junit.platform.engine.support.hierarchical.ThrowableCollector.execute(ThrowableCollector.java:73)
	at org.junit.platform.engine.support.hierarchical.NodeTestTask.lambda$executeRecursively$7(NodeTestTask.java:129)
	at org.junit.platform.engine.support.hierarchical.Node.around(Node.java:137)
	at org.junit.platform.engine.support.hierarchical.NodeTestTask.lambda$executeRecursively$8(NodeTestTask.java:127)
	at org.junit.platform.engine.support.hierarchical.ThrowableCollector.execute(ThrowableCollector.java:73)
	at org.junit.platform.engine.support.hierarchical.NodeTestTask.executeRecursively(NodeTestTask.java:126)
	at org.junit.platform.engine.support.hierarchical.NodeTestTask.execute(NodeTestTask.java:84)
	at org.junit.platform.engine.support.hierarchical.SameThreadHierarchicalTestExecutorService.submit(SameThreadHierarchicalTestExecutorService.java:32)
	at org.junit.platform.engine.support.hierarchical.HierarchicalTestExecutor.execute(HierarchicalTestExecutor.java:57)
	at org.junit.platform.engine.support.hierarchical.HierarchicalTestEngine.execute(HierarchicalTestEngine.java:51)
	at org.junit.platform.launcher.core.EngineExecutionOrchestrator.execute(EngineExecutionOrchestrator.java:108)
	at org.junit.platform.launcher.core.EngineExecutionOrchestrator.execute(EngineExecutionOrchestrator.java:88)
	at org.junit.platform.launcher.core.EngineExecutionOrchestrator.lambda$execute$0(EngineExecutionOrchestrator.java:54)
	at org.junit.platform.launcher.core.EngineExecutionOrchestrator.withInterceptedStreams(EngineExecutionOrchestrator.java:67)
	at org.junit.platform.launcher.core.EngineExecutionOrchestrator.execute(EngineExecutionOrchestrator.java:52)
	at org.junit.platform.launcher.core.DefaultLauncher.execute(DefaultLauncher.java:96)
	at org.junit.platform.launcher.core.DefaultLauncher.execute(DefaultLauncher.java:75)
	at org.junit.platform.console.tasks.ConsoleTestExecutor.executeTests(ConsoleTestExecutor.java:66)
	at org.junit.platform.console.tasks.ConsoleTestExecutor.lambda$execute$0(ConsoleTestExecutor.java:58)
	at org.junit.platform.console.tasks.CustomContextClassLoaderExecutor.invoke(CustomContextClassLoaderExecutor.java:33)
	at org.junit.platform.console.tasks.ConsoleTestExecutor.execute(ConsoleTestExecutor.java:58)
	at org.junit.platform.console.ConsoleLauncher.executeTests(ConsoleLauncher.java:95)
	at org.junit.platform.console.ConsoleLauncher.execute(ConsoleLauncher.java:73)
	at org.junit.platform.console.ConsoleLauncher.execute(ConsoleLauncher.java:50)
	at org.junit.platform.console.ConsoleLauncher.execute(ConsoleLauncher.java:43)
	at org.junit.platform.console.ConsoleLauncher.main(ConsoleLauncher.java:37)
]]></error>
<system-out><![CDATA[
unique-id: [engine:junit-jupiter]/[class:velka.lang.test.TestInterpretation]/[method:testListNative()]
display-name: testListNative()
]]></system-out>
</testcase>
<testcase name="testOrExpression()" classname="velka.lang.test.TestInterpretation" time="0.001">
<system-out><![CDATA[
unique-id: [engine:junit-jupiter]/[class:velka.lang.test.TestInterpretation]/[method:testOrExpression()]
display-name: testOrExpression()
]]></system-out>
</testcase>
<testcase name="testLitEnum()" classname="velka.lang.test.TestInterpretation" time="0.001">
<system-out><![CDATA[
unique-id: [engine:junit-jupiter]/[class:velka.lang.test.TestInterpretation]/[method:testLitEnum()]
display-name: testLitEnum()
]]></system-out>
</testcase>
<testcase name="testDefExpression()" classname="velka.lang.test.TestInterpretation" time="0.01">
<system-out><![CDATA[
unique-id: [engine:junit-jupiter]/[class:velka.lang.test.TestInterpretation]/[method:testDefExpression()]
display-name: testDefExpression()
]]></system-out>
</testcase>
<testcase name="testConstruct()" classname="velka.lang.test.TestInterpretation" time="0.001">
<system-out><![CDATA[
unique-id: [engine:junit-jupiter]/[class:velka.lang.test.TestInterpretation]/[method:testConstruct()]
display-name: testConstruct()
]]></system-out>
</testcase>
<testcase name="testCanDeconstructAs()" classname="velka.lang.test.TestInterpretation" time="0.001">
<system-out><![CDATA[
unique-id: [engine:junit-jupiter]/[class:velka.lang.test.TestInterpretation]/[method:testCanDeconstructAs()]
display-name: testCanDeconstructAs()
]]></system-out>
</testcase>
<testcase name="testConvert()" classname="velka.lang.test.TestInterpretation" time="0.001">
<failure message="Interpretation of (convert Int:Native Int:Roman 42) in [fcar, IntNative2IntString, fact, IntNative2IntRoman, tail-list2, nil, not, println, car, IntRoman2IntNative, build-list2-aux, IntRoman2IntString, head-list-native, foldl-list-native, bit-or, map2-list-native, fcons, bit-and, reverse-list2, IntString2IntRoman, head-list2, is-list-native-empty, foldr-list-native, equals?, *, +, concat, map-list-native, -, /, cdr, IntString2IntNative, answer, x, tail-list-native, y, pi, &lt;, append-list2, =, build-list2] expected &quot;XLII&quot; got (IntNative2IntRoman [42])" type="org.opentest4j.AssertionFailedError"><![CDATA[org.opentest4j.AssertionFailedError: Interpretation of (convert Int:Native Int:Roman 42) in [fcar, IntNative2IntString, fact, IntNative2IntRoman, tail-list2, nil, not, println, car, IntRoman2IntNative, build-list2-aux, IntRoman2IntString, head-list-native, foldl-list-native, bit-or, map2-list-native, fcons, bit-and, reverse-list2, IntString2IntRoman, head-list2, is-list-native-empty, foldr-list-native, equals?, *, +, concat, map-list-native, -, /, cdr, IntString2IntNative, answer, x, tail-list-native, y, pi, <, append-list2, =, build-list2] expected "XLII" got (IntNative2IntRoman [42])
	at org.junit.jupiter.api.AssertionUtils.fail(AssertionUtils.java:39)
	at org.junit.jupiter.api.Assertions.fail(Assertions.java:117)
	at velka.lang.test.TestInterpretation.testInterpretation(TestInterpretation.java:1249)
	at velka.lang.test.TestInterpretation.testConvert(TestInterpretation.java:1122)
	at java.base/jdk.internal.reflect.NativeMethodAccessorImpl.invoke0(Native Method)
	at java.base/jdk.internal.reflect.NativeMethodAccessorImpl.invoke(NativeMethodAccessorImpl.java:62)
	at java.base/jdk.internal.reflect.DelegatingMethodAccessorImpl.invoke(DelegatingMethodAccessorImpl.java:43)
	at java.base/java.lang.reflect.Method.invoke(Method.java:566)
	at org.junit.platform.commons.util.ReflectionUtils.invokeMethod(ReflectionUtils.java:688)
	at org.junit.jupiter.engine.execution.MethodInvocation.proceed(MethodInvocation.java:60)
	at org.junit.jupiter.engine.execution.InvocationInterceptorChain$ValidatingInvocation.proceed(InvocationInterceptorChain.java:131)
	at org.junit.jupiter.engine.extension.TimeoutExtension.intercept(TimeoutExtension.java:149)
	at org.junit.jupiter.engine.extension.TimeoutExtension.interceptTestableMethod(TimeoutExtension.java:140)
	at org.junit.jupiter.engine.extension.TimeoutExtension.interceptTestMethod(TimeoutExtension.java:84)
	at org.junit.jupiter.engine.execution.ExecutableInvoker$ReflectiveInterceptorCall.lambda$ofVoidMethod$0(ExecutableInvoker.java:115)
	at org.junit.jupiter.engine.execution.ExecutableInvoker.lambda$invoke$0(ExecutableInvoker.java:105)
	at org.junit.jupiter.engine.execution.InvocationInterceptorChain$InterceptedInvocation.proceed(InvocationInterceptorChain.java:106)
	at org.junit.jupiter.engine.execution.InvocationInterceptorChain.proceed(InvocationInterceptorChain.java:64)
	at org.junit.jupiter.engine.execution.InvocationInterceptorChain.chainAndInvoke(InvocationInterceptorChain.java:45)
	at org.junit.jupiter.engine.execution.InvocationInterceptorChain.invoke(InvocationInterceptorChain.java:37)
	at org.junit.jupiter.engine.execution.ExecutableInvoker.invoke(ExecutableInvoker.java:104)
	at org.junit.jupiter.engine.execution.ExecutableInvoker.invoke(ExecutableInvoker.java:98)
	at org.junit.jupiter.engine.descriptor.TestMethodTestDescriptor.lambda$invokeTestMethod$6(TestMethodTestDescriptor.java:210)
	at org.junit.platform.engine.support.hierarchical.ThrowableCollector.execute(ThrowableCollector.java:73)
	at org.junit.jupiter.engine.descriptor.TestMethodTestDescriptor.invokeTestMethod(TestMethodTestDescriptor.java:206)
	at org.junit.jupiter.engine.descriptor.TestMethodTestDescriptor.execute(TestMethodTestDescriptor.java:131)
	at org.junit.jupiter.engine.descriptor.TestMethodTestDescriptor.execute(TestMethodTestDescriptor.java:65)
	at org.junit.platform.engine.support.hierarchical.NodeTestTask.lambda$executeRecursively$5(NodeTestTask.java:139)
	at org.junit.platform.engine.support.hierarchical.ThrowableCollector.execute(ThrowableCollector.java:73)
	at org.junit.platform.engine.support.hierarchical.NodeTestTask.lambda$executeRecursively$7(NodeTestTask.java:129)
	at org.junit.platform.engine.support.hierarchical.Node.around(Node.java:137)
	at org.junit.platform.engine.support.hierarchical.NodeTestTask.lambda$executeRecursively$8(NodeTestTask.java:127)
	at org.junit.platform.engine.support.hierarchical.ThrowableCollector.execute(ThrowableCollector.java:73)
	at org.junit.platform.engine.support.hierarchical.NodeTestTask.executeRecursively(NodeTestTask.java:126)
	at org.junit.platform.engine.support.hierarchical.NodeTestTask.execute(NodeTestTask.java:84)
	at java.base/java.util.ArrayList.forEach(ArrayList.java:1541)
	at org.junit.platform.engine.support.hierarchical.SameThreadHierarchicalTestExecutorService.invokeAll(SameThreadHierarchicalTestExecutorService.java:38)
	at org.junit.platform.engine.support.hierarchical.NodeTestTask.lambda$executeRecursively$5(NodeTestTask.java:143)
	at org.junit.platform.engine.support.hierarchical.ThrowableCollector.execute(ThrowableCollector.java:73)
	at org.junit.platform.engine.support.hierarchical.NodeTestTask.lambda$executeRecursively$7(NodeTestTask.java:129)
	at org.junit.platform.engine.support.hierarchical.Node.around(Node.java:137)
	at org.junit.platform.engine.support.hierarchical.NodeTestTask.lambda$executeRecursively$8(NodeTestTask.java:127)
	at org.junit.platform.engine.support.hierarchical.ThrowableCollector.execute(ThrowableCollector.java:73)
	at org.junit.platform.engine.support.hierarchical.NodeTestTask.executeRecursively(NodeTestTask.java:126)
	at org.junit.platform.engine.support.hierarchical.NodeTestTask.execute(NodeTestTask.java:84)
	at java.base/java.util.ArrayList.forEach(ArrayList.java:1541)
	at org.junit.platform.engine.support.hierarchical.SameThreadHierarchicalTestExecutorService.invokeAll(SameThreadHierarchicalTestExecutorService.java:38)
	at org.junit.platform.engine.support.hierarchical.NodeTestTask.lambda$executeRecursively$5(NodeTestTask.java:143)
	at org.junit.platform.engine.support.hierarchical.ThrowableCollector.execute(ThrowableCollector.java:73)
	at org.junit.platform.engine.support.hierarchical.NodeTestTask.lambda$executeRecursively$7(NodeTestTask.java:129)
	at org.junit.platform.engine.support.hierarchical.Node.around(Node.java:137)
	at org.junit.platform.engine.support.hierarchical.NodeTestTask.lambda$executeRecursively$8(NodeTestTask.java:127)
	at org.junit.platform.engine.support.hierarchical.ThrowableCollector.execute(ThrowableCollector.java:73)
	at org.junit.platform.engine.support.hierarchical.NodeTestTask.executeRecursively(NodeTestTask.java:126)
	at org.junit.platform.engine.support.hierarchical.NodeTestTask.execute(NodeTestTask.java:84)
	at org.junit.platform.engine.support.hierarchical.SameThreadHierarchicalTestExecutorService.submit(SameThreadHierarchicalTestExecutorService.java:32)
	at org.junit.platform.engine.support.hierarchical.HierarchicalTestExecutor.execute(HierarchicalTestExecutor.java:57)
	at org.junit.platform.engine.support.hierarchical.HierarchicalTestEngine.execute(HierarchicalTestEngine.java:51)
	at org.junit.platform.launcher.core.EngineExecutionOrchestrator.execute(EngineExecutionOrchestrator.java:108)
	at org.junit.platform.launcher.core.EngineExecutionOrchestrator.execute(EngineExecutionOrchestrator.java:88)
	at org.junit.platform.launcher.core.EngineExecutionOrchestrator.lambda$execute$0(EngineExecutionOrchestrator.java:54)
	at org.junit.platform.launcher.core.EngineExecutionOrchestrator.withInterceptedStreams(EngineExecutionOrchestrator.java:67)
	at org.junit.platform.launcher.core.EngineExecutionOrchestrator.execute(EngineExecutionOrchestrator.java:52)
	at org.junit.platform.launcher.core.DefaultLauncher.execute(DefaultLauncher.java:96)
	at org.junit.platform.launcher.core.DefaultLauncher.execute(DefaultLauncher.java:75)
	at org.junit.platform.console.tasks.ConsoleTestExecutor.executeTests(ConsoleTestExecutor.java:66)
	at org.junit.platform.console.tasks.ConsoleTestExecutor.lambda$execute$0(ConsoleTestExecutor.java:58)
	at org.junit.platform.console.tasks.CustomContextClassLoaderExecutor.invoke(CustomContextClassLoaderExecutor.java:33)
	at org.junit.platform.console.tasks.ConsoleTestExecutor.execute(ConsoleTestExecutor.java:58)
	at org.junit.platform.console.ConsoleLauncher.executeTests(ConsoleLauncher.java:95)
	at org.junit.platform.console.ConsoleLauncher.execute(ConsoleLauncher.java:73)
	at org.junit.platform.console.ConsoleLauncher.execute(ConsoleLauncher.java:50)
	at org.junit.platform.console.ConsoleLauncher.execute(ConsoleLauncher.java:43)
	at org.junit.platform.console.ConsoleLauncher.main(ConsoleLauncher.java:37)
]]></failure>
<system-out><![CDATA[
unique-id: [engine:junit-jupiter]/[class:velka.lang.test.TestInterpretation]/[method:testConvert()]
display-name: testConvert()
]]></system-out>
</testcase>
<testcase name="testDefinceConstructorExpression()" classname="velka.lang.test.TestInterpretation" time="0">
<system-out><![CDATA[
unique-id: [engine:junit-jupiter]/[class:velka.lang.test.TestInterpretation]/[method:testDefinceConstructorExpression()]
display-name: testDefinceConstructorExpression()
]]></system-out>
</testcase>
<testcase name="testDefConversionExpression()" classname="velka.lang.test.TestInterpretation" time="0.003">
<system-out><![CDATA[
unique-id: [engine:junit-jupiter]/[class:velka.lang.test.TestInterpretation]/[method:testDefConversionExpression()]
display-name: testDefConversionExpression()
]]></system-out>
</testcase>
<testcase name="testLitBoolean()" classname="velka.lang.test.TestInterpretation" time="0">
<system-out><![CDATA[
unique-id: [engine:junit-jupiter]/[class:velka.lang.test.TestInterpretation]/[method:testLitBoolean()]
display-name: testLitBoolean()
]]></system-out>
</testcase>
<testcase name="testApplication()" classname="velka.lang.test.TestInterpretation" time="0.014">
<system-out><![CDATA[
unique-id: [engine:junit-jupiter]/[class:velka.lang.test.TestInterpretation]/[method:testApplication()]
display-name: testApplication()
]]></system-out>
</testcase>
<testcase name="testDefRepresentationExpression()" classname="velka.lang.test.TestInterpretation" time="0">
<system-out><![CDATA[
unique-id: [engine:junit-jupiter]/[class:velka.lang.test.TestInterpretation]/[method:testDefRepresentationExpression()]
display-name: testDefRepresentationExpression()
]]></system-out>
</testcase>
<testcase name="testAutoConversion()" classname="velka.lang.test.TestInterpretation" time="0">
<system-out><![CDATA[
unique-id: [engine:junit-jupiter]/[class:velka.lang.test.TestInterpretation]/[method:testAutoConversion()]
display-name: testAutoConversion()
]]></system-out>
</testcase>
<testcase name="testDeconstruct()" classname="velka.lang.test.TestInterpretation" time="0">
<system-out><![CDATA[
unique-id: [engine:junit-jupiter]/[class:velka.lang.test.TestInterpretation]/[method:testDeconstruct()]
display-name: testDeconstruct()
]]></system-out>
</testcase>
<testcase name="testAndExpression()" classname="velka.lang.test.TestInterpretation" time="0">
<system-out><![CDATA[
unique-id: [engine:junit-jupiter]/[class:velka.lang.test.TestInterpretation]/[method:testAndExpression()]
display-name: testAndExpression()
]]></system-out>
</testcase>
<testcase name="testLambda()" classname="velka.lang.test.TestInterpretation" time="0.001">
<system-out><![CDATA[
unique-id: [engine:junit-jupiter]/[class:velka.lang.test.TestInterpretation]/[method:testLambda()]
display-name: testLambda()
]]></system-out>
</testcase>
<testcase name="testLitComposite()" classname="velka.lang.test.TestInterpretation" time="0">
<system-out><![CDATA[
unique-id: [engine:junit-jupiter]/[class:velka.lang.test.TestInterpretation]/[method:testLitComposite()]
display-name: testLitComposite()
]]></system-out>
</testcase>
<testcase name="testExtendedFunction()" classname="velka.lang.test.TestInterpretation" time="0.002">
<system-out><![CDATA[
unique-id: [engine:junit-jupiter]/[class:velka.lang.test.TestInterpretation]/[method:testExtendedFunction()]
display-name: testExtendedFunction()
]]></system-out>
</testcase>
<testcase name="testTypeHolder()" classname="velka.lang.test.TestInterpretation" time="0.001">
<system-out><![CDATA[
unique-id: [engine:junit-jupiter]/[class:velka.lang.test.TestInterpretation]/[method:testTypeHolder()]
display-name: testTypeHolder()
]]></system-out>
</testcase>
<testcase name="testFunction()" classname="velka.lang.test.TestInterpretation" time="0.001">
<system-out><![CDATA[
unique-id: [engine:junit-jupiter]/[class:velka.lang.test.TestInterpretation]/[method:testFunction()]
display-name: testFunction()
]]></system-out>
</testcase>
<system-out><![CDATA[
unique-id: [engine:junit-jupiter]
display-name: JUnit Jupiter
]]></system-out>
</testsuite>
